<?xml version="1.0" encoding="UTF-8"?>
<testng-results ignored="0" total="1" passed="1" failed="0" skipped="0">
  <reporter-output>
  </reporter-output>
  <suite started-at="2024-01-03T21:40:35 EET" name="Default suite" finished-at="2024-01-03T21:40:53 EET" duration-ms="17655">
    <groups>
    </groups>
    <test started-at="2024-01-03T21:40:35 EET" name="Default test" finished-at="2024-01-03T21:40:53 EET" duration-ms="17655">
      <class name="com.qa.Tn.Testcases.ProductCheckout_Test">
        <test-method is-config="true" signature="setup()[pri:0, instance:com.qa.Tn.Testcases.ProductCheckout_Test@70e9c95d]" started-at="2024-01-03T21:40:35 EET" name="setup" finished-at="2024-01-03T21:40:43 EET" duration-ms="7569" status="PASS">
          <reporter-output>
          </reporter-output>
        </test-method> <!-- setup -->
        <test-method signature="checkoutProduct()[pri:0, instance:com.qa.Tn.Testcases.ProductCheckout_Test@70e9c95d]" started-at="2024-01-03T21:40:43 EET" name="checkoutProduct" finished-at="2024-01-03T21:40:52 EET" duration-ms="9909" status="PASS">
          <reporter-output>
          </reporter-output>
        </test-method> <!-- checkoutProduct -->
        <test-method is-config="true" signature="teardown()[pri:0, instance:com.qa.Tn.Testcases.ProductCheckout_Test@70e9c95d]" started-at="2024-01-03T21:40:52 EET" name="teardown" finished-at="2024-01-03T21:40:53 EET" duration-ms="133" status="PASS">
          <reporter-output>
          </reporter-output>
        </test-method> <!-- teardown -->
      </class> <!-- com.qa.Tn.Testcases.ProductCheckout_Test -->
    </test> <!-- Default test -->
  </suite> <!-- Default suite -->
</testng-results>
